D:\TEMP\CODES\CC++\NUMERICAL\GAUSSELIMINACAO\DEBUG\GAUSS.ELIMINACAO.EXE
D:\TEMP\CODES\CC++\NUMERICAL\GAUSSELIMINACAO\DEBUG\GAUSS.ELIMINACAO.ILK
D:\TEMP\CODES\CC++\NUMERICAL\GAUSSELIMINACAO\DEBUG\GAUSS.ELIMINACAO.PDB
D:\temp\codes\cc++\numerical\gausseliminacao\gauss.eliminacao\Debug\cl.command.1.tlog
D:\temp\codes\cc++\numerical\gausseliminacao\gauss.eliminacao\Debug\CL.read.1.tlog
D:\temp\codes\cc++\numerical\gausseliminacao\gauss.eliminacao\Debug\CL.write.1.tlog
D:\TEMP\CODES\CC++\NUMERICAL\GAUSSELIMINACAO\GAUSS.ELIMINACAO\DEBUG\GAUSS.ELIMINACAO.EXE.EMBED.MANIFEST
D:\TEMP\CODES\CC++\NUMERICAL\GAUSSELIMINACAO\GAUSS.ELIMINACAO\DEBUG\GAUSS.ELIMINACAO.EXE.EMBED.MANIFEST.RES
D:\TEMP\CODES\CC++\NUMERICAL\GAUSSELIMINACAO\GAUSS.ELIMINACAO\DEBUG\GAUSS.ELIMINACAO.EXE.INTERMEDIATE.MANIFEST
D:\TEMP\CODES\CC++\NUMERICAL\GAUSSELIMINACAO\GAUSS.ELIMINACAO\DEBUG\GAUSS.ELIMINACAO.OBJ
D:\TEMP\CODES\CC++\NUMERICAL\GAUSSELIMINACAO\GAUSS.ELIMINACAO\DEBUG\GAUSS.ELIMINACAO.PCH
D:\temp\codes\cc++\numerical\gausseliminacao\gauss.eliminacao\Debug\gauss.eliminacao_manifest.rc
D:\temp\codes\cc++\numerical\gausseliminacao\gauss.eliminacao\Debug\link.command.1.tlog
D:\temp\codes\cc++\numerical\gausseliminacao\gauss.eliminacao\Debug\link.read.1.tlog
D:\temp\codes\cc++\numerical\gausseliminacao\gauss.eliminacao\Debug\link.write.1.tlog
D:\temp\codes\cc++\numerical\gausseliminacao\gauss.eliminacao\Debug\link-cvtres.read.1.tlog
D:\temp\codes\cc++\numerical\gausseliminacao\gauss.eliminacao\Debug\link-cvtres.write.1.tlog
D:\temp\codes\cc++\numerical\gausseliminacao\gauss.eliminacao\Debug\mt.command.1.tlog
D:\temp\codes\cc++\numerical\gausseliminacao\gauss.eliminacao\Debug\mt.read.1.tlog
D:\temp\codes\cc++\numerical\gausseliminacao\gauss.eliminacao\Debug\mt.write.1.tlog
D:\temp\codes\cc++\numerical\gausseliminacao\gauss.eliminacao\Debug\rc.command.1.tlog
D:\temp\codes\cc++\numerical\gausseliminacao\gauss.eliminacao\Debug\rc.read.1.tlog
D:\temp\codes\cc++\numerical\gausseliminacao\gauss.eliminacao\Debug\rc.write.1.tlog
D:\TEMP\CODES\CC++\NUMERICAL\GAUSSELIMINACAO\GAUSS.ELIMINACAO\DEBUG\STDAFX.OBJ
D:\temp\codes\cc++\numerical\gausseliminacao\gauss.eliminacao\Debug\vc100.idb
D:\TEMP\CODES\CC++\NUMERICAL\GAUSSELIMINACAO\GAUSS.ELIMINACAO\DEBUG\VC100.PDB
