Build started 21/06/2013 14:56:37.
     1>Project "D:\temp\codes\cc++\numerical\gausseliminacao\gauss.eliminacao\gauss.eliminacao.vcxproj" on node 2 (build target(s)).
     1>InitializeBuildStatus:
         Creating "Debug\gauss.eliminacao.unsuccessfulbuild" because "AlwaysCreate" was specified.
       ClCompile:
         All outputs are up-to-date.
         C:\Program Files\Microsoft Visual Studio 10.0\VC\bin\CL.exe /c /ZI /nologo /W3 /WX- /Od /Oy- /D WIN32 /D _DEBUG /D _CONSOLE /D _UNICODE /D UNICODE /Gm /EHsc /RTC1 /MDd /GS /fp:precise /Zc:wchar_t /Zc:forScope /Yu"StdAfx.h" /Fp"Debug\gauss.eliminacao.pch" /Fo"Debug\\" /Fd"Debug\vc100.pdb" /Gd /TP /analyze- /errorReport:prompt gauss.eliminacao.cpp
         gauss.eliminacao.cpp
     1>d:\temp\codes\cc++\numerical\gausseliminacao\gauss.eliminacao\gauss.eliminacao.cpp(69): warning C4101: 'm' : unreferenced local variable
     1>d:\temp\codes\cc++\numerical\gausseliminacao\gauss.eliminacao\gauss.eliminacao.cpp(108): warning C4101: 'm' : unreferenced local variable
       ManifestResourceCompile:
         All outputs are up-to-date.
       Link:
         C:\Program Files\Microsoft Visual Studio 10.0\VC\bin\link.exe /ERRORREPORT:PROMPT /OUT:"D:\temp\codes\cc++\numerical\gausseliminacao\Debug\gauss.eliminacao.exe" /INCREMENTAL /NOLOGO kernel32.lib user32.lib gdi32.lib winspool.lib comdlg32.lib advapi32.lib shell32.lib ole32.lib oleaut32.lib uuid.lib odbc32.lib odbccp32.lib /MANIFEST /ManifestFile:"Debug\gauss.eliminacao.exe.intermediate.manifest" /MANIFESTUAC:"level='asInvoker' uiAccess='false'" /DEBUG /PDB:"D:\temp\codes\cc++\numerical\gausseliminacao\Debug\gauss.eliminacao.pdb" /SUBSYSTEM:CONSOLE /TLBID:1 /DYNAMICBASE /NXCOMPAT /IMPLIB:"D:\temp\codes\cc++\numerical\gausseliminacao\Debug\gauss.eliminacao.lib" /MACHINE:X86 Debug\gauss.eliminacao.exe.embed.manifest.res
         Debug\gauss.eliminacao.obj
         Debug\stdafx.obj
       Manifest:
         C:\Program Files\Microsoft SDKs\Windows\v7.0A\bin\mt.exe /nologo /verbose /out:"Debug\gauss.eliminacao.exe.embed.manifest" /manifest Debug\gauss.eliminacao.exe.intermediate.manifest
         All outputs are up-to-date.
       LinkEmbedManifest:
         All outputs are up-to-date.
         gauss.eliminacao.vcxproj -> D:\temp\codes\cc++\numerical\gausseliminacao\Debug\gauss.eliminacao.exe
       FinalizeBuildStatus:
         Deleting file "Debug\gauss.eliminacao.unsuccessfulbuild".
         Touching "Debug\gauss.eliminacao.lastbuildstate".
     1>Done Building Project "D:\temp\codes\cc++\numerical\gausseliminacao\gauss.eliminacao\gauss.eliminacao.vcxproj" (build target(s)).

Build succeeded.

Time Elapsed 00:00:01.57
