Build started 12/03/2013 15:24:56.
     1>Project "D:\temp\codes\cc++\erros\visual.studio\erro.arredondamento.02\erro.arredondamento.02\erro.arredondamento.02.vcxproj" on node 2 (build target(s)).
     1>InitializeBuildStatus:
         Creating "Debug\erro.arredondamento.02.unsuccessfulbuild" because "AlwaysCreate" was specified.
       ClCompile:
         All outputs are up-to-date.
         C:\Program Files\Microsoft Visual Studio 10.0\VC\bin\CL.exe /c /ZI /nologo /W3 /WX- /Od /Oy- /D WIN32 /D _DEBUG /D _CONSOLE /D _UNICODE /D UNICODE /Gm /EHsc /RTC1 /MDd /GS /fp:precise /Zc:wchar_t /Zc:forScope /Yu"StdAfx.h" /Fp"Debug\erro.arredondamento.02.pch" /Fo"Debug\\" /Fd"Debug\vc100.pdb" /Gd /TP /analyze- /errorReport:prompt erro.arredondamento.02.cpp
         erro.arredondamento.02.cpp
     1>d:\temp\codes\cc++\erros\visual.studio\erro.arredondamento.02\erro.arredondamento.02\erro.arredondamento.02.cpp(20): warning C4305: '=' : truncation from 'double' to 'float'
     1>d:\temp\codes\cc++\erros\visual.studio\erro.arredondamento.02\erro.arredondamento.02\erro.arredondamento.02.cpp(21): warning C4244: '=' : conversion from 'double' to 'float', possible loss of data
     1>d:\temp\codes\cc++\erros\visual.studio\erro.arredondamento.02\erro.arredondamento.02\erro.arredondamento.02.cpp(23): warning C4244: '=' : conversion from 'double' to 'float', possible loss of data
       ManifestResourceCompile:
         All outputs are up-to-date.
       Link:
         C:\Program Files\Microsoft Visual Studio 10.0\VC\bin\link.exe /ERRORREPORT:PROMPT /OUT:"D:\temp\codes\cc++\erros\visual.studio\erro.arredondamento.02\Debug\erro.arredondamento.02.exe" /INCREMENTAL /NOLOGO kernel32.lib user32.lib gdi32.lib winspool.lib comdlg32.lib advapi32.lib shell32.lib ole32.lib oleaut32.lib uuid.lib odbc32.lib odbccp32.lib /MANIFEST /ManifestFile:"Debug\erro.arredondamento.02.exe.intermediate.manifest" /MANIFESTUAC:"level='asInvoker' uiAccess='false'" /DEBUG /PDB:"D:\temp\codes\cc++\erros\visual.studio\erro.arredondamento.02\Debug\erro.arredondamento.02.pdb" /SUBSYSTEM:CONSOLE /TLBID:1 /DYNAMICBASE /NXCOMPAT /IMPLIB:"D:\temp\codes\cc++\erros\visual.studio\erro.arredondamento.02\Debug\erro.arredondamento.02.lib" /MACHINE:X86 Debug\erro.arredondamento.02.exe.embed.manifest.res
         Debug\erro.arredondamento.02.obj
         Debug\stdafx.obj
       Manifest:
         C:\Program Files\Microsoft SDKs\Windows\v7.0A\bin\mt.exe /nologo /verbose /out:"Debug\erro.arredondamento.02.exe.embed.manifest" /manifest Debug\erro.arredondamento.02.exe.intermediate.manifest
         All outputs are up-to-date.
       LinkEmbedManifest:
         All outputs are up-to-date.
         erro.arredondamento.02.vcxproj -> D:\temp\codes\cc++\erros\visual.studio\erro.arredondamento.02\Debug\erro.arredondamento.02.exe
       FinalizeBuildStatus:
         Deleting file "Debug\erro.arredondamento.02.unsuccessfulbuild".
         Touching "Debug\erro.arredondamento.02.lastbuildstate".
     1>Done Building Project "D:\temp\codes\cc++\erros\visual.studio\erro.arredondamento.02\erro.arredondamento.02\erro.arredondamento.02.vcxproj" (build target(s)).

Build succeeded.

Time Elapsed 00:00:01.42
